<?xml version="1.0" encoding="UTF-8"?>
<testng-results ignored="0" total="1" passed="1" failed="0" skipped="0">
  <reporter-output>
  </reporter-output>
  <suite started-at="2022-10-09T13:26:32 IST" name="Default suite" finished-at="2022-10-09T13:26:41 IST" duration-ms="9715">
    <groups>
    </groups>
    <test started-at="2022-10-09T13:26:32 IST" name="Default test" finished-at="2022-10-09T13:26:41 IST" duration-ms="9715">
      <class name="TestNG.Login">
        <test-method is-config="true" signature="beforeTest()[pri:0, instance:TestNG.Login@d6e7bab]" started-at="2022-10-09T13:26:32 IST" name="beforeTest" finished-at="2022-10-09T13:26:35 IST" duration-ms="3411" status="PASS">
          <reporter-output>
          </reporter-output>
        </test-method> <!-- beforeTest -->
        <test-method signature="f()[pri:0, instance:TestNG.Login@d6e7bab]" started-at="2022-10-09T13:26:35 IST" name="f" finished-at="2022-10-09T13:26:41 IST" duration-ms="6235" status="PASS">
          <reporter-output>
          </reporter-output>
        </test-method> <!-- f -->
        <test-method is-config="true" signature="afterTest()[pri:0, instance:TestNG.Login@d6e7bab]" started-at="2022-10-09T13:26:41 IST" name="afterTest" finished-at="2022-10-09T13:26:41 IST" duration-ms="11" status="PASS">
          <reporter-output>
          </reporter-output>
        </test-method> <!-- afterTest -->
      </class> <!-- TestNG.Login -->
    </test> <!-- Default test -->
  </suite> <!-- Default suite -->
</testng-results>
